0 info it worked if it ends with ok
1 verbose cli [ 'C:\\Program Files\\nodejs\\node.exe',
1 verbose cli   'C:\\Program Files\\nodejs\\node_modules\\npm\\bin\\npm-cli.js',
1 verbose cli   'install',
1 verbose cli   'ueditor',
1 verbose cli   '--save' ]
2 info using npm@2.14.12
3 info using node@v4.3.1
4 verbose install initial load of H:\blog-world\package.json
5 verbose installManyTop reading scoped package data from H:\blog-world\node_modules\body-parser\package.json
6 verbose installManyTop reading scoped package data from H:\blog-world\node_modules\ejs\package.json
7 verbose installManyTop reading scoped package data from H:\blog-world\node_modules\express\package.json
8 verbose installManyTop reading scoped package data from H:\blog-world\node_modules\moment\package.json
9 verbose installManyTop reading scoped package data from H:\blog-world\node_modules\mysql\package.json
10 verbose installManyTop reading scoped package data from H:\blog-world\node_modules\node-mysql\package.json
11 info package.json node-mysql@0.4.2 No license field.
12 verbose readDependencies loading dependencies from H:\blog-world\package.json
13 silly cache add args [ 'ueditor', null ]
14 verbose cache add spec ueditor
15 silly cache add parsed spec Result {
15 silly cache add   raw: 'ueditor',
15 silly cache add   scope: null,
15 silly cache add   name: 'ueditor',
15 silly cache add   rawSpec: '',
15 silly cache add   spec: 'latest',
15 silly cache add   type: 'tag' }
16 silly addNamed ueditor@latest
17 verbose addNamed "latest" is being treated as a dist-tag for ueditor
18 info addNameTag [ 'ueditor', 'latest' ]
19 silly mapToRegistry name ueditor
20 silly mapToRegistry using default registry
21 silly mapToRegistry registry https://registry.npmjs.org/
22 silly mapToRegistry uri https://registry.npmjs.org/ueditor
23 verbose addNameTag registry:https://registry.npmjs.org/ueditor not in flight; fetching
24 verbose request uri https://registry.npmjs.org/ueditor
25 verbose request no auth needed
26 info attempt registry request try #1 at 14:46:38
27 verbose request id 55f1b2e4656b098e
28 http request GET https://registry.npmjs.org/ueditor
29 http 200 https://registry.npmjs.org/ueditor
30 verbose headers { server: 'CouchDB/1.5.0 (Erlang OTP/R16B03)',
30 verbose headers   etag: '"5O4PHIVALKJO10T4I40C4WHZ4"',
30 verbose headers   'content-type': 'application/json',
30 verbose headers   'cache-control': 'max-age=300',
30 verbose headers   'content-length': '11281',
30 verbose headers   'accept-ranges': 'bytes',
30 verbose headers   date: 'Fri, 08 Apr 2016 06:53:29 GMT',
30 verbose headers   via: '1.1 varnish',
30 verbose headers   age: '0',
30 verbose headers   connection: 'keep-alive',
30 verbose headers   'x-served-by': 'cache-ams4134-AMS',
30 verbose headers   'x-cache': 'MISS',
30 verbose headers   'x-cache-hits': '0',
30 verbose headers   'x-timer': 'S1460098408.926367,VS0,VE100',
30 verbose headers   vary: 'Accept-Encoding' }
31 silly get cb [ 200,
31 silly get   { server: 'CouchDB/1.5.0 (Erlang OTP/R16B03)',
31 silly get     etag: '"5O4PHIVALKJO10T4I40C4WHZ4"',
31 silly get     'content-type': 'application/json',
31 silly get     'cache-control': 'max-age=300',
31 silly get     'content-length': '11281',
31 silly get     'accept-ranges': 'bytes',
31 silly get     date: 'Fri, 08 Apr 2016 06:53:29 GMT',
31 silly get     via: '1.1 varnish',
31 silly get     age: '0',
31 silly get     connection: 'keep-alive',
31 silly get     'x-served-by': 'cache-ams4134-AMS',
31 silly get     'x-cache': 'MISS',
31 silly get     'x-cache-hits': '0',
31 silly get     'x-timer': 'S1460098408.926367,VS0,VE100',
31 silly get     vary: 'Accept-Encoding' } ]
32 verbose get saving ueditor to C:\Users\Administrator\AppData\Roaming\npm-cache\registry.npmjs.org\ueditor\.cache.json
33 verbose makeDirectory C:\Users\Administrator\AppData\Roaming\npm-cache creation not in flight; initializing
34 verbose makeCacheDir UID & GID are irrelevant on win32
35 silly addNameTag next cb for ueditor with tag latest
36 silly addNamed ueditor@1.1.1
37 verbose addNamed "1.1.1" is a plain semver version for ueditor
38 silly mapToRegistry name ueditor
39 silly mapToRegistry using default registry
40 silly mapToRegistry registry https://registry.npmjs.org/
41 silly mapToRegistry uri https://registry.npmjs.org/ueditor
42 verbose addRemoteTarball https://registry.npmjs.org/ueditor/-/ueditor-1.1.1.tgz not in flight; adding
43 verbose addRemoteTarball [ 'https://registry.npmjs.org/ueditor/-/ueditor-1.1.1.tgz',
43 verbose addRemoteTarball   '1c7ac4a41310569dde83d47b952555d799af44b5' ]
44 info retry fetch attempt 1 at 14:46:46
45 info attempt registry request try #1 at 14:46:46
46 http fetch GET https://registry.npmjs.org/ueditor/-/ueditor-1.1.1.tgz
47 http fetch 200 https://registry.npmjs.org/ueditor/-/ueditor-1.1.1.tgz
48 info retry will retry, error on last attempt: Error: read ECONNRESET
49 info retry will retry, error on last attempt: Error: read ECONNRESET
50 silly fetchAndShaCheck shasum 1c7ac4a41310569dde83d47b952555d799af44b5
51 verbose stack Error: shasum check failed for C:\Users\ADMINI~1\AppData\Local\Temp\npm-3624-3fcc5a76\registry.npmjs.org\ueditor\-\ueditor-1.1.1.tgz
51 verbose stack Expected: 1c7ac4a41310569dde83d47b952555d799af44b5
51 verbose stack Actual:   e361fd8ef58a53eaae2af11fee5e2ed8cefbb74c
51 verbose stack From:     https://registry.npmjs.org/ueditor/-/ueditor-1.1.1.tgz
51 verbose stack     at C:\Program Files\nodejs\node_modules\npm\node_modules\sha\index.js:25:8
51 verbose stack     at ReadStream.<anonymous> (C:\Program Files\nodejs\node_modules\npm\node_modules\sha\index.js:72:7)
51 verbose stack     at emitNone (events.js:72:20)
51 verbose stack     at ReadStream.emit (events.js:166:7)
51 verbose stack     at endReadableNT (_stream_readable.js:905:12)
51 verbose stack     at nextTickCallbackWith2Args (node.js:437:9)
51 verbose stack     at process._tickCallback (node.js:351:17)
52 verbose cwd H:\blog-world
53 error Windows_NT 6.1.7601
54 error argv "C:\\Program Files\\nodejs\\node.exe" "C:\\Program Files\\nodejs\\node_modules\\npm\\bin\\npm-cli.js" "install" "ueditor" "--save"
55 error node v4.3.1
56 error npm  v2.14.12
57 error shasum check failed for C:\Users\ADMINI~1\AppData\Local\Temp\npm-3624-3fcc5a76\registry.npmjs.org\ueditor\-\ueditor-1.1.1.tgz
57 error Expected: 1c7ac4a41310569dde83d47b952555d799af44b5
57 error Actual:   e361fd8ef58a53eaae2af11fee5e2ed8cefbb74c
57 error From:     https://registry.npmjs.org/ueditor/-/ueditor-1.1.1.tgz
58 error If you need help, you may report this error at:
58 error     <https://github.com/npm/npm/issues>
59 verbose exit [ 1, true ]
